TN:
SF:src\api\audit.js
FN:3,getAuditLog
FNF:1
FNH:1
FNDA:3,getAuditLog
DA:4,3
LF:1
LH:1
BRF:0
BRH:0
end_of_record
TN:
SF:src\api\auth.js
FN:3,registerClient
FN:10,setupAdmin
FN:17,login
FN:24,logout
FN:30,getMe
FN:36,createProvider
FNF:6
FNH:5
FNDA:2,registerClient
FNDA:0,setupAdmin
FNDA:3,login
FNDA:1,logout
FNDA:49,getMe
FNDA:1,createProvider
DA:4,2
DA:11,0
DA:18,3
DA:25,1
DA:31,49
DA:37,1
LF:6
LH:5
BRF:0
BRH:0
end_of_record
TN:
SF:src\api\client.js
FN:3,apiFetch
FN:24,extractErrorMessage
FN:32,(anonymous_2)
FNF:3
FNH:2
FNDA:200,apiFetch
FNDA:15,extractErrorMessage
FNDA:0,(anonymous_2)
DA:1,19
DA:4,200
DA:10,200
DA:11,200
DA:12,200
DA:14,0
DA:17,200
DA:18,15
DA:21,185
DA:25,15
DA:26,0
DA:28,15
DA:29,15
DA:31,0
DA:32,0
DA:34,0
LF:16
LH:11
BRDA:3,0,0,200
BRDA:6,1,0,200
BRDA:6,1,1,200
BRDA:17,2,0,15
BRDA:17,2,1,185
BRDA:25,3,0,0
BRDA:25,3,1,15
BRDA:25,4,0,15
BRDA:25,4,1,15
BRDA:28,5,0,15
BRDA:28,5,1,0
BRDA:31,6,0,0
BRDA:31,6,1,0
BRF:13
BRH:9
end_of_record
TN:
SF:src\api\notifications.js
FN:3,listMyNotifications
FN:6,getUnreadCount
FN:9,markAsRead
FN:12,markAllAsRead
FNF:4
FNH:3
FNDA:3,listMyNotifications
FNDA:43,getUnreadCount
FNDA:1,markAsRead
FNDA:0,markAllAsRead
DA:4,3
DA:7,43
DA:10,1
DA:13,0
LF:4
LH:3
BRDA:3,0,0,3
BRDA:3,1,0,3
BRF:2
BRH:2
end_of_record
TN:
SF:src\api\providers.js
FN:3,getMyProfile
FN:6,updateMyProfile
FN:9,getMySchedule
FN:12,addScheduleBlock
FN:15,deactivateScheduleBlock
FN:18,listProviders
FN:21,getProviderAvailability
FN:24,createCita
FN:27,listMisCitas
FN:30,cancelCita
FN:33,listAllCitas
FN:36,getMyDateBlocks
FN:39,addDateBlock
FN:42,deactivateDateBlock
FN:45,rescheduleCita
FNF:15
FNH:12
FNDA:7,getMyProfile
FNDA:1,updateMyProfile
FNDA:7,getMySchedule
FNDA:2,addScheduleBlock
FNDA:1,deactivateScheduleBlock
FNDA:3,listProviders
FNDA:4,getProviderAvailability
FNDA:1,createCita
FNDA:5,listMisCitas
FNDA:0,cancelCita
FNDA:3,listAllCitas
FNDA:7,getMyDateBlocks
FNDA:2,addDateBlock
FNDA:0,deactivateDateBlock
FNDA:0,rescheduleCita
DA:4,7
DA:7,1
DA:10,7
DA:13,2
DA:16,1
DA:19,3
DA:22,4
DA:25,1
DA:28,5
DA:31,0
DA:34,3
DA:37,7
DA:40,2
DA:43,0
DA:46,0
LF:15
LH:12
BRDA:27,0,0,5
BRDA:27,1,0,5
BRDA:33,2,0,3
BRDA:33,3,0,3
BRF:4
BRH:4
end_of_record
TN:
SF:src\api\reports.js
FN:3,getOccupancyReport
FN:6,getProviderActivityReport
FN:9,getSystemActivityReport
FN:12,downloadReportCsv
FNF:4
FNH:4
FNDA:2,getOccupancyReport
FNDA:1,getProviderActivityReport
FNDA:1,getSystemActivityReport
FNDA:1,downloadReportCsv
DA:4,2
DA:7,1
DA:10,1
DA:13,1
DA:17,1
DA:18,0
DA:20,1
DA:21,1
DA:22,1
DA:23,1
DA:24,1
DA:25,1
DA:26,1
DA:27,1
DA:28,1
LF:15
LH:14
BRDA:17,0,0,0
BRDA:17,0,1,1
BRF:2
BRH:1
end_of_record
TN:
SF:src\api\resources.js
FN:3,listSalas
FN:6,createSala
FN:9,updateSala
FN:12,deactivateSala
FN:15,listEquipos
FN:18,createEquipo
FN:21,updateEquipo
FN:24,deactivateEquipo
FN:27,getSalaAvailability
FN:30,createReservaSala
FN:33,listMisReservasSalas
FN:36,cancelReservaSala
FN:39,getEquipoAvailability
FN:42,createReservaEquipo
FN:45,listMisReservasEquipos
FN:48,cancelReservaEquipo
FN:51,listAllReservasSalas
FN:54,listAllReservasEquipos
FN:57,rescheduleReservaSala
FN:60,rescheduleReservaEquipo
FNF:20
FNH:13
FNDA:10,listSalas
FNDA:1,createSala
FNDA:0,updateSala
FNDA:1,deactivateSala
FNDA:3,listEquipos
FNDA:2,createEquipo
FNDA:0,updateEquipo
FNDA:0,deactivateEquipo
FNDA:8,getSalaAvailability
FNDA:2,createReservaSala
FNDA:6,listMisReservasSalas
FNDA:2,cancelReservaSala
FNDA:0,getEquipoAvailability
FNDA:0,createReservaEquipo
FNDA:5,listMisReservasEquipos
FNDA:0,cancelReservaEquipo
FNDA:3,listAllReservasSalas
FNDA:3,listAllReservasEquipos
FNDA:1,rescheduleReservaSala
FNDA:0,rescheduleReservaEquipo
DA:4,10
DA:7,1
DA:10,0
DA:13,1
DA:16,3
DA:19,2
DA:22,0
DA:25,0
DA:28,8
DA:31,2
DA:34,6
DA:37,2
DA:40,0
DA:43,0
DA:46,5
DA:49,0
DA:52,3
DA:55,3
DA:58,1
DA:61,0
LF:20
LH:13
BRDA:33,0,0,6
BRDA:33,1,0,6
BRDA:45,2,0,5
BRDA:45,3,0,5
BRDA:51,4,0,3
BRDA:51,5,0,3
BRDA:54,6,0,3
BRDA:54,7,0,3
BRF:8
BRH:8
end_of_record
TN:
SF:src\components\AvailabilityGrid.jsx
FN:1,AvailabilityGrid
FN:4,(anonymous_1)
FN:21,(anonymous_2)
FNF:3
FNH:3
FNDA:50,AvailabilityGrid
FNDA:51,(anonymous_1)
FNDA:4,(anonymous_2)
DA:2,50
DA:5,51
DA:7,51
DA:8,51
DA:9,1
DA:10,50
DA:11,39
DA:13,11
DA:16,51
DA:21,4
LF:10
LH:10
BRDA:8,0,0,1
BRDA:8,0,1,50
BRDA:10,1,0,39
BRDA:10,1,1,11
BRF:4
BRH:4
end_of_record
TN:
SF:src\components\Layout.jsx
FN:5,Layout
FN:9,handleLogout
FNF:2
FNH:2
FNDA:286,Layout
FNDA:1,handleLogout
DA:6,286
DA:7,286
DA:10,1
DA:11,1
DA:14,286
LF:5
LH:5
BRDA:19,0,0,286
BRDA:19,0,1,246
BRF:2
BRH:2
end_of_record
TN:
SF:src\components\NotificationBell.jsx
FN:4,formatDate
FN:8,NotificationBell
FN:13,(anonymous_2)
FN:14,(anonymous_3)
FN:16,(anonymous_4)
FN:17,(anonymous_5)
FN:20,(anonymous_6)
FN:23,handleToggle
FN:27,(anonymous_8)
FN:31,handleMarkAsRead
FN:33,(anonymous_10)
FN:33,(anonymous_11)
FN:34,(anonymous_12)
FN:37,handleMarkAllAsRead
FN:39,(anonymous_14)
FN:39,(anonymous_15)
FN:71,(anonymous_16)
FN:74,(anonymous_17)
FNF:18
FNH:13
FNDA:4,formatDate
FNDA:301,NotificationBell
FNDA:43,(anonymous_2)
FNDA:43,(anonymous_3)
FNDA:0,(anonymous_4)
FNDA:0,(anonymous_5)
FNDA:43,(anonymous_6)
FNDA:3,handleToggle
FNDA:3,(anonymous_8)
FNDA:1,handleMarkAsRead
FNDA:1,(anonymous_10)
FNDA:1,(anonymous_11)
FNDA:1,(anonymous_12)
FNDA:0,handleMarkAllAsRead
FNDA:0,(anonymous_14)
FNDA:0,(anonymous_15)
FNDA:4,(anonymous_16)
FNDA:1,(anonymous_17)
DA:5,4
DA:9,301
DA:10,301
DA:11,301
DA:13,301
DA:14,43
DA:16,43
DA:17,0
DA:20,43
DA:24,3
DA:25,3
DA:26,3
DA:27,3
DA:32,1
DA:33,1
DA:34,1
DA:38,0
DA:39,0
DA:40,0
DA:43,301
DA:72,4
DA:74,1
LF:22
LH:18
BRDA:26,0,0,3
BRDA:26,0,1,0
BRDA:33,1,0,1
BRDA:33,1,1,0
BRDA:51,2,0,301
BRDA:51,2,1,10
BRDA:58,3,0,301
BRDA:58,3,1,7
BRDA:67,4,0,3
BRDA:67,4,1,4
BRDA:74,5,0,1
BRDA:74,5,1,1
BRDA:76,6,0,1
BRDA:76,6,1,3
BRF:14
BRH:12
end_of_record
TN:
SF:src\components\ProtectedRoute.jsx
FN:5,ProtectedRoute
FNF:1
FNH:1
FNDA:4,ProtectedRoute
DA:6,4
DA:8,4
DA:9,2
DA:12,2
DA:13,1
DA:16,1
DA:17,1
DA:20,0
LF:8
LH:7
BRDA:8,0,0,2
BRDA:8,0,1,2
BRDA:12,1,0,1
BRDA:12,1,1,1
BRDA:16,2,0,1
BRDA:16,2,1,0
BRDA:16,3,0,1
BRDA:16,3,1,1
BRF:8
BRH:7
end_of_record
TN:
SF:src\context\AuthContext.jsx
FN:6,AuthProvider
FN:10,(anonymous_1)
FN:12,(anonymous_2)
FN:13,(anonymous_3)
FN:14,(anonymous_4)
FN:17,login
FN:23,logout
FN:36,useAuth
FNF:8
FNH:8
FNDA:100,AuthProvider
FNDA:49,(anonymous_1)
FNDA:41,(anonymous_2)
FNDA:8,(anonymous_3)
FNDA:49,(anonymous_4)
FNDA:3,login
FNDA:1,logout
FNDA:431,useAuth
DA:4,18
DA:7,100
DA:8,100
DA:10,100
DA:11,49
DA:12,41
DA:13,8
DA:14,49
DA:18,3
DA:19,1
DA:20,1
DA:24,1
DA:25,1
DA:27,1
DA:31,100
DA:33,100
DA:37,431
DA:38,431
DA:39,0
DA:41,431
LF:20
LH:19
BRDA:38,0,0,0
BRDA:38,0,1,431
BRF:2
BRH:1
end_of_record
TN:
SF:src\pages\AdminReservasPage.jsx
FN:14,ReservasTable
FN:46,(anonymous_1)
FN:69,(anonymous_2)
FN:75,(anonymous_3)
FN:112,AdminReservasPage
FN:127,(anonymous_5)
FN:128,(anonymous_6)
FN:131,(anonymous_7)
FN:132,(anonymous_8)
FN:135,(anonymous_9)
FN:136,(anonymous_10)
FN:139,handleCancelSala
FN:141,(anonymous_12)
FN:141,(anonymous_13)
FN:144,handleCancelEquipo
FN:146,(anonymous_15)
FN:146,(anonymous_16)
FN:149,handleRescheduleSala
FN:153,handleRescheduleEquipo
FN:174,(anonymous_19)
FN:181,(anonymous_20)
FN:181,(anonymous_21)
FN:182,(anonymous_22)
FN:182,(anonymous_23)
FN:191,(anonymous_24)
FN:198,(anonymous_25)
FN:198,(anonymous_26)
FN:199,(anonymous_27)
FN:199,(anonymous_28)
FN:208,(anonymous_29)
FN:215,(anonymous_30)
FN:215,(anonymous_31)
FN:216,(anonymous_32)
FN:216,(anonymous_33)
FNF:34
FNH:16
FNDA:12,ReservasTable
FNDA:6,(anonymous_1)
FNDA:0,(anonymous_2)
FNDA:1,(anonymous_3)
FNDA:7,AdminReservasPage
FNDA:3,(anonymous_5)
FNDA:3,(anonymous_6)
FNDA:3,(anonymous_7)
FNDA:3,(anonymous_8)
FNDA:3,(anonymous_9)
FNDA:3,(anonymous_10)
FNDA:1,handleCancelSala
FNDA:1,(anonymous_12)
FNDA:1,(anonymous_13)
FNDA:0,handleCancelEquipo
FNDA:0,(anonymous_15)
FNDA:0,(anonymous_16)
FNDA:0,handleRescheduleSala
FNDA:0,handleRescheduleEquipo
FNDA:3,(anonymous_19)
FNDA:0,(anonymous_20)
FNDA:0,(anonymous_21)
FNDA:0,(anonymous_22)
FNDA:0,(anonymous_23)
FNDA:1,(anonymous_24)
FNDA:0,(anonymous_25)
FNDA:0,(anonymous_26)
FNDA:0,(anonymous_27)
FNDA:0,(anonymous_28)
FNDA:2,(anonymous_29)
FNDA:0,(anonymous_30)
FNDA:0,(anonymous_31)
FNDA:0,(anonymous_32)
FNDA:0,(anonymous_33)
DA:12,1
DA:27,12
DA:28,6
DA:31,6
DA:47,6
DA:48,6
DA:69,0
DA:75,1
DA:113,7
DA:115,7
DA:116,7
DA:117,7
DA:119,7
DA:120,7
DA:121,7
DA:123,7
DA:124,7
DA:125,7
DA:127,7
DA:128,3
DA:131,7
DA:132,3
DA:135,7
DA:136,3
DA:140,1
DA:141,1
DA:145,0
DA:146,0
DA:150,0
DA:154,0
DA:157,7
DA:158,3
DA:165,4
DA:174,3
DA:181,0
DA:182,0
DA:191,1
DA:198,0
DA:199,0
DA:208,2
DA:215,0
DA:216,0
LF:42
LH:31
BRDA:27,0,0,6
BRDA:27,0,1,6
BRDA:42,1,0,6
BRDA:42,1,1,4
BRDA:51,2,0,1
BRDA:51,2,1,5
BRDA:64,3,0,6
BRDA:64,3,1,4
BRDA:66,4,0,4
BRDA:66,4,1,3
BRDA:141,5,0,1
BRDA:141,5,1,0
BRDA:146,6,0,0
BRDA:146,6,1,0
BRDA:157,7,0,3
BRDA:157,7,1,4
BRDA:157,8,0,7
BRDA:157,8,1,4
BRDA:157,8,2,4
BRF:19
BRH:16
end_of_record
TN:
SF:src\pages\AgendarCitaPage.jsx
FN:12,todayISO
FN:16,AgendarCitaPage
FN:33,(anonymous_2)
FN:35,(anonymous_3)
FN:36,(anonymous_4)
FN:39,(anonymous_5)
FN:42,loadAvailability
FN:43,(anonymous_7)
FN:46,(anonymous_8)
FN:51,handleSubmit
FN:116,(anonymous_10)
FN:141,(anonymous_11)
FN:153,(anonymous_12)
FNF:13
FNH:11
FNDA:31,todayISO
FNDA:17,AgendarCitaPage
FNDA:3,(anonymous_2)
FNDA:3,(anonymous_3)
FNDA:3,(anonymous_4)
FNDA:3,(anonymous_5)
FNDA:4,loadAvailability
FNDA:4,(anonymous_7)
FNDA:3,(anonymous_8)
FNDA:1,handleSubmit
FNDA:0,(anonymous_10)
FNDA:0,(anonymous_11)
FNDA:8,(anonymous_12)
DA:13,31
DA:17,17
DA:18,17
DA:19,17
DA:21,17
DA:22,17
DA:24,17
DA:25,17
DA:26,17
DA:28,17
DA:29,17
DA:30,17
DA:31,17
DA:33,17
DA:34,3
DA:36,3
DA:37,3
DA:39,3
DA:43,4
DA:46,17
DA:47,3
DA:52,1
DA:53,1
DA:54,1
DA:56,1
DA:63,1
DA:64,1
DA:65,0
DA:66,0
DA:68,1
DA:69,1
DA:71,1
DA:72,1
DA:73,1
DA:75,0
DA:79,17
DA:80,3
DA:87,14
DA:88,0
DA:95,14
DA:116,0
DA:141,0
DA:153,8
LF:43
LH:37
BRDA:37,0,0,3
BRDA:37,0,1,0
BRDA:64,1,0,0
BRDA:64,1,1,1
BRDA:79,2,0,3
BRDA:79,2,1,14
BRDA:87,3,0,0
BRDA:87,3,1,14
BRDA:101,4,0,14
BRDA:101,4,1,0
BRDA:121,5,0,1
BRDA:121,5,1,13
BRDA:130,6,0,17
BRDA:130,6,1,1
BRDA:131,7,0,17
BRDA:131,7,1,0
BRDA:164,8,0,0
BRDA:164,8,1,14
BRF:18
BRH:12
end_of_record
TN:
SF:src\pages\AuditLogPage.jsx
FN:8,AuditLogPage
FN:9,(anonymous_1)
FN:10,(anonymous_2)
FN:17,(anonymous_3)
FN:20,(anonymous_4)
FN:21,(anonymous_5)
FN:22,(anonymous_6)
FN:26,handleBuscar
FN:29,(anonymous_8)
FN:55,(anonymous_9)
FN:68,(anonymous_10)
FN:91,(anonymous_11)
FN:107,(anonymous_12)
FN:107,(anonymous_13)
FN:117,(anonymous_14)
FN:117,(anonymous_15)
FNF:16
FNH:9
FNDA:7,AuditLogPage
FNDA:2,(anonymous_1)
FNDA:2,(anonymous_2)
FNDA:3,(anonymous_3)
FNDA:3,(anonymous_4)
FNDA:0,(anonymous_5)
FNDA:3,(anonymous_6)
FNDA:0,handleBuscar
FNDA:0,(anonymous_8)
FNDA:0,(anonymous_9)
FNDA:0,(anonymous_10)
FNDA:5,(anonymous_11)
FNDA:0,(anonymous_12)
FNDA:0,(anonymous_13)
FNDA:1,(anonymous_14)
FNDA:1,(anonymous_15)
DA:6,1
DA:9,7
DA:10,7
DA:11,7
DA:12,7
DA:13,7
DA:14,7
DA:15,7
DA:17,7
DA:18,3
DA:19,3
DA:20,3
DA:21,0
DA:22,3
DA:27,0
DA:28,0
DA:29,0
DA:32,7
DA:33,2
DA:40,5
DA:55,0
DA:68,0
DA:92,5
DA:107,0
DA:117,1
LF:25
LH:18
BRDA:32,0,0,2
BRDA:32,0,1,5
BRDA:32,1,0,7
BRDA:32,1,1,2
BRDA:45,2,0,5
BRDA:45,2,1,0
BRDA:94,3,0,5
BRDA:94,3,1,1
BRDA:97,4,0,4
BRDA:97,4,1,1
BRDA:104,5,0,7
BRDA:104,5,1,5
BRF:12
BRH:11
end_of_record
TN:
SF:src\pages\CreateProviderPage.jsx
FN:5,isPasswordValid
FN:9,CreateProviderPage
FN:16,handleSubmit
FN:54,(anonymous_3)
FN:68,(anonymous_4)
FN:82,(anonymous_5)
FNF:6
FNH:6
FNDA:1,isPasswordValid
FNDA:46,CreateProviderPage
FNDA:1,handleSubmit
FNDA:13,(anonymous_3)
FNDA:21,(anonymous_4)
FNDA:9,(anonymous_5)
DA:6,1
DA:10,46
DA:11,46
DA:12,46
DA:13,46
DA:14,46
DA:17,1
DA:18,1
DA:19,1
DA:21,1
DA:22,0
DA:23,0
DA:26,1
DA:27,1
DA:28,1
DA:29,1
DA:30,1
DA:31,1
DA:33,0
DA:37,46
DA:54,13
DA:68,21
DA:82,9
LF:23
LH:20
BRDA:6,0,0,1
BRDA:6,0,1,1
BRDA:21,1,0,0
BRDA:21,1,1,1
BRDA:42,2,0,46
BRDA:42,2,1,1
BRDA:43,3,0,46
BRDA:43,3,1,0
BRF:8
BRH:6
end_of_record
TN:
SF:src\pages\EquiposPage.jsx
FN:5,EquiposPage
FN:20,(anonymous_1)
FN:22,(anonymous_2)
FN:23,(anonymous_3)
FN:26,handleCreate
FN:32,(anonymous_5)
FN:41,startEdit
FN:49,cancelEdit
FN:54,handleSaveEdit
FN:63,(anonymous_9)
FN:63,(anonymous_10)
FN:70,handleDeactivate
FN:72,(anonymous_12)
FN:72,(anonymous_13)
FN:98,(anonymous_14)
FN:112,(anonymous_15)
FN:126,(anonymous_16)
FN:153,(anonymous_17)
FN:168,(anonymous_18)
FN:176,(anonymous_19)
FN:184,(anonymous_20)
FN:191,(anonymous_21)
FN:211,(anonymous_22)
FN:217,(anonymous_23)
FNF:24
FNH:10
FNDA:58,EquiposPage
FNDA:3,(anonymous_1)
FNDA:3,(anonymous_2)
FNDA:3,(anonymous_3)
FNDA:2,handleCreate
FNDA:1,(anonymous_5)
FNDA:0,startEdit
FNDA:0,cancelEdit
FNDA:0,handleSaveEdit
FNDA:0,(anonymous_9)
FNDA:0,(anonymous_10)
FNDA:0,handleDeactivate
FNDA:0,(anonymous_12)
FNDA:0,(anonymous_13)
FNDA:22,(anonymous_14)
FNDA:12,(anonymous_15)
FNDA:14,(anonymous_16)
FNDA:2,(anonymous_17)
FNDA:0,(anonymous_18)
FNDA:0,(anonymous_19)
FNDA:0,(anonymous_20)
FNDA:0,(anonymous_21)
FNDA:0,(anonymous_22)
FNDA:0,(anonymous_23)
DA:6,58
DA:7,58
DA:9,58
DA:10,58
DA:11,58
DA:12,58
DA:14,58
DA:15,58
DA:16,58
DA:17,58
DA:18,58
DA:20,58
DA:21,3
DA:22,3
DA:23,3
DA:27,2
DA:28,2
DA:30,2
DA:31,2
DA:32,1
DA:33,1
DA:34,1
DA:35,1
DA:37,1
DA:42,0
DA:43,0
DA:44,0
DA:45,0
DA:46,0
DA:50,0
DA:51,0
DA:55,0
DA:57,0
DA:58,0
DA:63,0
DA:64,0
DA:66,0
DA:71,0
DA:72,0
DA:75,58
DA:76,3
DA:83,55
DA:98,22
DA:112,12
DA:126,14
DA:154,2
DA:155,2
DA:157,2
DA:168,0
DA:176,0
DA:184,0
DA:191,0
DA:211,0
DA:217,0
LF:54
LH:33
BRDA:63,0,0,0
BRDA:63,0,1,0
BRDA:72,1,0,0
BRDA:72,1,1,0
BRDA:75,2,0,3
BRDA:75,2,1,55
BRDA:88,3,0,55
BRDA:88,3,1,1
BRDA:140,4,0,58
BRDA:140,4,1,0
BRDA:160,5,0,0
BRDA:160,5,1,2
BRDA:162,6,0,0
BRDA:162,6,1,2
BRDA:208,7,0,2
BRDA:208,7,1,2
BRF:16
BRH:9
end_of_record
TN:
SF:src\pages\LoginPage.jsx
FN:6,LoginPage
FN:15,handleSubmit
FN:46,(anonymous_2)
FN:60,(anonymous_3)
FNF:4
FNH:4
FNDA:95,LoginPage
FNDA:3,handleSubmit
FNDA:52,(anonymous_2)
FNDA:28,(anonymous_3)
DA:7,95
DA:8,95
DA:9,95
DA:10,95
DA:11,95
DA:12,95
DA:13,95
DA:16,3
DA:17,3
DA:18,3
DA:19,3
DA:20,1
DA:22,2
DA:26,95
DA:46,52
DA:60,28
LF:16
LH:16
BRDA:31,0,0,95
BRDA:31,0,1,1
BRDA:35,1,0,95
BRDA:35,1,1,2
BRF:4
BRH:4
end_of_record
TN:
SF:src\pages\MisReservasPage.jsx
FN:14,ReservationSection
FN:33,(anonymous_1)
FN:52,(anonymous_2)
FN:58,(anonymous_3)
FN:94,MisReservasPage
FN:109,(anonymous_5)
FN:110,(anonymous_6)
FN:113,(anonymous_7)
FN:114,(anonymous_8)
FN:117,(anonymous_9)
FN:118,(anonymous_10)
FN:121,handleCancelSala
FN:123,(anonymous_12)
FN:123,(anonymous_13)
FN:126,handleCancelEquipo
FN:128,(anonymous_15)
FN:128,(anonymous_16)
FN:131,handleCancelCita
FN:133,(anonymous_18)
FN:133,(anonymous_19)
FN:136,handleRescheduleSala
FN:140,handleRescheduleEquipo
FN:144,handleRescheduleCita
FN:168,(anonymous_23)
FN:168,(anonymous_24)
FN:169,(anonymous_25)
FN:169,(anonymous_26)
FN:180,(anonymous_27)
FN:180,(anonymous_28)
FN:181,(anonymous_29)
FN:181,(anonymous_30)
FN:192,(anonymous_31)
FN:192,(anonymous_32)
FN:193,(anonymous_33)
FN:193,(anonymous_34)
FNF:35
FNH:17
FNDA:24,ReservationSection
FNDA:9,(anonymous_1)
FNDA:1,(anonymous_2)
FNDA:1,(anonymous_3)
FNDA:13,MisReservasPage
FNDA:6,(anonymous_5)
FNDA:6,(anonymous_6)
FNDA:5,(anonymous_7)
FNDA:5,(anonymous_8)
FNDA:5,(anonymous_9)
FNDA:5,(anonymous_10)
FNDA:1,handleCancelSala
FNDA:1,(anonymous_12)
FNDA:1,(anonymous_13)
FNDA:0,handleCancelEquipo
FNDA:0,(anonymous_15)
FNDA:0,(anonymous_16)
FNDA:0,handleCancelCita
FNDA:0,(anonymous_18)
FNDA:0,(anonymous_19)
FNDA:1,handleRescheduleSala
FNDA:0,handleRescheduleEquipo
FNDA:0,handleRescheduleCita
FNDA:0,(anonymous_23)
FNDA:0,(anonymous_24)
FNDA:1,(anonymous_25)
FNDA:1,(anonymous_26)
FNDA:0,(anonymous_27)
FNDA:0,(anonymous_28)
FNDA:0,(anonymous_29)
FNDA:0,(anonymous_30)
FNDA:0,(anonymous_31)
FNDA:0,(anonymous_32)
FNDA:0,(anonymous_33)
FNDA:0,(anonymous_34)
DA:12,2
DA:25,24
DA:34,9
DA:35,9
DA:52,1
DA:58,1
DA:95,13
DA:97,13
DA:98,13
DA:99,13
DA:101,13
DA:102,13
DA:103,13
DA:105,13
DA:106,13
DA:107,13
DA:109,13
DA:110,6
DA:113,13
DA:114,5
DA:117,13
DA:118,5
DA:122,1
DA:123,1
DA:127,0
DA:128,0
DA:132,0
DA:133,0
DA:137,1
DA:141,0
DA:145,0
DA:148,13
DA:149,5
DA:156,8
DA:168,0
DA:169,1
DA:180,0
DA:181,0
DA:192,0
DA:193,0
LF:40
LH:29
BRDA:28,0,0,15
BRDA:28,0,1,9
BRDA:39,1,0,1
BRDA:39,1,1,8
BRDA:49,2,0,9
BRDA:49,2,1,8
BRDA:123,3,0,1
BRDA:123,3,1,0
BRDA:128,4,0,0
BRDA:128,4,1,0
BRDA:133,5,0,0
BRDA:133,5,1,0
BRDA:148,6,0,5
BRDA:148,6,1,8
BRDA:148,7,0,13
BRDA:148,7,1,8
BRDA:148,7,2,8
BRF:17
BRH:12
end_of_record
TN:
SF:src\pages\OccupancyReportPage.jsx
FN:6,OccupancyReportPage
FN:7,(anonymous_1)
FN:8,(anonymous_2)
FN:13,fetchReport
FN:16,(anonymous_4)
FN:17,(anonymous_5)
FN:20,(anonymous_6)
FN:21,(anonymous_7)
FN:25,handleGenerar
FN:30,handleExport
FN:66,(anonymous_10)
FN:79,(anonymous_11)
FN:112,(anonymous_12)
FNF:13
FNH:9
FNDA:4,OccupancyReportPage
FNDA:2,(anonymous_1)
FNDA:2,(anonymous_2)
FNDA:2,fetchReport
FNDA:2,(anonymous_4)
FNDA:0,(anonymous_5)
FNDA:2,(anonymous_6)
FNDA:2,(anonymous_7)
FNDA:0,handleGenerar
FNDA:1,handleExport
FNDA:0,(anonymous_10)
FNDA:0,(anonymous_11)
FNDA:1,(anonymous_12)
DA:7,4
DA:8,4
DA:9,4
DA:10,4
DA:11,4
DA:14,2
DA:15,2
DA:16,2
DA:17,0
DA:20,4
DA:21,2
DA:26,0
DA:27,0
DA:31,1
DA:32,1
DA:39,0
DA:43,4
DA:44,2
DA:51,2
DA:66,0
DA:79,0
DA:113,1
LF:22
LH:16
BRDA:43,0,0,2
BRDA:43,0,1,2
BRDA:56,1,0,2
BRDA:56,1,1,0
BRF:4
BRH:3
end_of_record
TN:
SF:src\pages\ProviderActivityReportPage.jsx
FN:6,ProviderActivityReportPage
FN:7,(anonymous_1)
FN:8,(anonymous_2)
FN:13,fetchReport
FN:16,(anonymous_4)
FN:17,(anonymous_5)
FN:20,(anonymous_6)
FN:21,(anonymous_7)
FN:25,handleGenerar
FN:30,handleExport
FN:66,(anonymous_10)
FN:79,(anonymous_11)
FN:110,(anonymous_12)
FNF:13
FNH:8
FNDA:2,ProviderActivityReportPage
FNDA:1,(anonymous_1)
FNDA:1,(anonymous_2)
FNDA:1,fetchReport
FNDA:1,(anonymous_4)
FNDA:0,(anonymous_5)
FNDA:1,(anonymous_6)
FNDA:1,(anonymous_7)
FNDA:0,handleGenerar
FNDA:0,handleExport
FNDA:0,(anonymous_10)
FNDA:0,(anonymous_11)
FNDA:1,(anonymous_12)
DA:7,2
DA:8,2
DA:9,2
DA:10,2
DA:11,2
DA:14,1
DA:15,1
DA:16,1
DA:17,0
DA:20,2
DA:21,1
DA:26,0
DA:27,0
DA:31,0
DA:32,0
DA:39,0
DA:43,2
DA:44,1
DA:51,1
DA:66,0
DA:79,0
DA:111,1
LF:22
LH:14
BRDA:43,0,0,1
BRDA:43,0,1,1
BRDA:56,1,0,1
BRDA:56,1,1,0
BRF:4
BRH:3
end_of_record
TN:
SF:src\pages\ProviderDashboardPage.jsx
FN:17,isSlotDurationValid
FN:22,todayISO
FN:26,ProviderDashboardPage
FN:45,(anonymous_3)
FN:47,(anonymous_4)
FN:52,(anonymous_5)
FN:55,handleSaveProfile
FN:76,handleAddScheduleBlock
FN:91,(anonymous_8)
FN:99,handleDeactivateBlock
FN:101,(anonymous_10)
FN:101,(anonymous_11)
FN:104,handleAddDateBlock
FN:113,(anonymous_13)
FN:121,handleDeactivateDateBlock
FN:123,(anonymous_15)
FN:123,(anonymous_16)
FN:155,(anonymous_17)
FN:171,(anonymous_18)
FN:172,(anonymous_19)
FN:181,(anonymous_20)
FN:196,(anonymous_21)
FN:220,(anonymous_22)
FN:223,(anonymous_23)
FN:239,(anonymous_24)
FN:253,(anonymous_25)
FN:276,(anonymous_26)
FN:288,(anonymous_27)
FN:311,(anonymous_28)
FN:324,(anonymous_29)
FNF:30
FNH:26
FNDA:1,isSlotDurationValid
FNDA:82,todayISO
FNDA:44,ProviderDashboardPage
FNDA:7,(anonymous_3)
FNDA:7,(anonymous_4)
FNDA:7,(anonymous_5)
FNDA:1,handleSaveProfile
FNDA:2,handleAddScheduleBlock
FNDA:1,(anonymous_8)
FNDA:1,handleDeactivateBlock
FNDA:1,(anonymous_10)
FNDA:1,(anonymous_11)
FNDA:2,handleAddDateBlock
FNDA:1,(anonymous_13)
FNDA:0,handleDeactivateDateBlock
FNDA:0,(anonymous_15)
FNDA:0,(anonymous_16)
FNDA:1,(anonymous_17)
FNDA:259,(anonymous_18)
FNDA:28,(anonymous_19)
FNDA:4,(anonymous_20)
FNDA:1,(anonymous_21)
FNDA:2,(anonymous_22)
FNDA:259,(anonymous_23)
FNDA:2,(anonymous_24)
FNDA:2,(anonymous_25)
FNDA:1,(anonymous_26)
FNDA:0,(anonymous_27)
FNDA:2,(anonymous_28)
FNDA:10,(anonymous_29)
DA:18,1
DA:19,1
DA:23,82
DA:27,44
DA:28,44
DA:29,44
DA:30,44
DA:32,44
DA:33,44
DA:34,44
DA:36,44
DA:37,44
DA:38,44
DA:39,44
DA:41,44
DA:42,44
DA:43,44
DA:45,44
DA:46,7
DA:48,7
DA:49,7
DA:50,7
DA:52,7
DA:56,1
DA:57,1
DA:58,1
DA:60,1
DA:61,0
DA:62,0
DA:65,1
DA:66,1
DA:69,1
DA:70,1
DA:72,0
DA:77,2
DA:78,2
DA:80,2
DA:81,0
DA:82,0
DA:85,2
DA:86,2
DA:91,1
DA:92,1
DA:93,1
DA:95,1
DA:100,1
DA:101,1
DA:105,2
DA:106,2
DA:108,2
DA:109,2
DA:113,1
DA:114,1
DA:115,1
DA:117,1
DA:122,0
DA:123,0
DA:126,44
DA:127,7
DA:134,37
DA:155,1
DA:172,259
DA:174,259
DA:182,4
DA:183,4
DA:196,1
DA:220,2
DA:224,259
DA:239,2
DA:253,2
DA:277,1
DA:278,1
DA:288,0
DA:311,2
DA:324,10
LF:75
LH:67
BRDA:19,0,0,1
BRDA:19,0,1,1
BRDA:19,0,2,1
BRDA:60,1,0,0
BRDA:60,1,1,1
BRDA:80,2,0,0
BRDA:80,2,1,2
BRDA:101,3,0,1
BRDA:101,3,1,0
BRDA:111,4,0,2
BRDA:111,4,1,1
BRDA:123,5,0,0
BRDA:123,5,1,0
BRDA:126,6,0,7
BRDA:126,6,1,37
BRDA:143,7,0,44
BRDA:143,7,1,1
BRDA:144,8,0,44
BRDA:144,8,1,0
BRDA:177,9,0,259
BRDA:177,9,1,255
BRDA:187,10,0,1
BRDA:187,10,1,3
BRDA:194,11,0,4
BRDA:194,11,1,3
BRDA:211,12,0,44
BRDA:211,12,1,1
BRDA:271,13,0,44
BRDA:271,13,1,36
BRDA:281,14,0,0
BRDA:281,14,1,1
BRDA:284,15,0,1
BRDA:284,15,1,0
BRDA:286,16,0,1
BRDA:286,16,1,1
BRDA:300,17,0,44
BRDA:300,17,1,1
BRF:37
BRH:29
end_of_record
TN:
SF:src\pages\RegisterPage.jsx
FN:5,isPasswordValid
FN:9,RegisterPage
FN:16,handleSubmit
FN:51,(anonymous_3)
FN:65,(anonymous_4)
FN:79,(anonymous_5)
FNF:6
FNH:6
FNDA:3,isPasswordValid
FNDA:128,RegisterPage
FNDA:3,handleSubmit
FNDA:42,(anonymous_3)
FNDA:54,(anonymous_4)
FNDA:25,(anonymous_5)
DA:6,3
DA:10,128
DA:11,128
DA:12,128
DA:13,128
DA:14,128
DA:17,3
DA:18,3
DA:20,3
DA:21,1
DA:22,1
DA:25,2
DA:26,2
DA:27,1
DA:31,1
DA:35,128
DA:51,42
DA:65,54
DA:79,25
LF:19
LH:19
BRDA:6,0,0,3
BRDA:6,0,1,2
BRDA:20,1,0,1
BRDA:20,1,1,2
BRDA:40,2,0,128
BRDA:40,2,1,2
BRF:6
BRH:6
end_of_record
TN:
SF:src\pages\ReservarSalaDetailPage.jsx
FN:12,todayISO
FN:16,ReservarSalaDetailPage
FN:33,(anonymous_2)
FN:35,(anonymous_3)
FN:36,(anonymous_4)
FN:39,(anonymous_5)
FN:42,loadAvailability
FN:43,(anonymous_7)
FN:46,(anonymous_8)
FN:51,handleSubmit
FN:114,(anonymous_10)
FN:133,(anonymous_11)
FN:145,(anonymous_12)
FNF:13
FNH:11
FNDA:88,todayISO
FNDA:47,ReservarSalaDetailPage
FNDA:6,(anonymous_2)
FNDA:6,(anonymous_3)
FNDA:6,(anonymous_4)
FNDA:6,(anonymous_5)
FNDA:8,loadAvailability
FNDA:8,(anonymous_7)
FNDA:6,(anonymous_8)
FNDA:3,handleSubmit
FNDA:0,(anonymous_10)
FNDA:0,(anonymous_11)
FNDA:26,(anonymous_12)
DA:13,88
DA:17,47
DA:18,47
DA:19,47
DA:21,47
DA:22,47
DA:24,47
DA:25,47
DA:26,47
DA:28,47
DA:29,47
DA:30,47
DA:31,47
DA:33,47
DA:34,6
DA:36,6
DA:37,6
DA:39,6
DA:43,8
DA:46,47
DA:47,6
DA:52,3
DA:53,3
DA:54,3
DA:56,3
DA:63,3
DA:64,3
DA:65,1
DA:66,1
DA:68,2
DA:69,1
DA:71,2
DA:72,2
DA:73,2
DA:75,1
DA:79,47
DA:80,6
DA:87,41
DA:88,0
DA:95,41
DA:114,0
DA:133,0
DA:145,26
LF:43
LH:40
BRDA:37,0,0,6
BRDA:37,0,1,0
BRDA:64,1,0,1
BRDA:64,1,1,2
BRDA:79,2,0,6
BRDA:79,2,1,41
BRDA:87,3,0,0
BRDA:87,3,1,41
BRDA:99,4,0,41
BRDA:99,4,1,17
BRDA:122,5,0,47
BRDA:122,5,1,2
BRDA:123,6,0,47
BRDA:123,6,1,1
BRDA:156,7,0,17
BRDA:156,7,1,24
BRF:16
BRH:14
end_of_record
TN:
SF:src\pages\SalasPage.jsx
FN:5,isCapacidadValid
FN:10,SalasPage
FN:25,(anonymous_2)
FN:27,(anonymous_3)
FN:28,(anonymous_4)
FN:31,handleCreate
FN:46,(anonymous_6)
FN:55,startEdit
FN:63,cancelEdit
FN:68,handleSaveEdit
FN:82,(anonymous_10)
FN:82,(anonymous_11)
FN:89,handleDeactivate
FN:91,(anonymous_13)
FN:91,(anonymous_14)
FN:117,(anonymous_15)
FN:131,(anonymous_16)
FN:145,(anonymous_17)
FN:172,(anonymous_18)
FN:187,(anonymous_19)
FN:195,(anonymous_20)
FN:204,(anonymous_21)
FN:211,(anonymous_22)
FN:231,(anonymous_23)
FN:237,(anonymous_24)
FNF:25
FNH:15
FNDA:2,isCapacidadValid
FNDA:49,SalasPage
FNDA:4,(anonymous_2)
FNDA:4,(anonymous_3)
FNDA:4,(anonymous_4)
FNDA:2,handleCreate
FNDA:1,(anonymous_6)
FNDA:0,startEdit
FNDA:0,cancelEdit
FNDA:0,handleSaveEdit
FNDA:0,(anonymous_10)
FNDA:0,(anonymous_11)
FNDA:1,handleDeactivate
FNDA:1,(anonymous_13)
FNDA:1,(anonymous_14)
FNDA:23,(anonymous_15)
FNDA:12,(anonymous_16)
FNDA:2,(anonymous_17)
FNDA:4,(anonymous_18)
FNDA:0,(anonymous_19)
FNDA:0,(anonymous_20)
FNDA:0,(anonymous_21)
FNDA:0,(anonymous_22)
FNDA:0,(anonymous_23)
FNDA:1,(anonymous_24)
DA:6,2
DA:7,2
DA:11,49
DA:12,49
DA:14,49
DA:15,49
DA:16,49
DA:17,49
DA:19,49
DA:20,49
DA:21,49
DA:22,49
DA:23,49
DA:25,49
DA:26,4
DA:27,4
DA:28,4
DA:32,2
DA:33,2
DA:35,2
DA:36,1
DA:37,1
DA:40,1
DA:41,1
DA:46,1
DA:47,1
DA:48,1
DA:49,1
DA:51,0
DA:56,0
DA:57,0
DA:58,0
DA:59,0
DA:60,0
DA:64,0
DA:65,0
DA:69,0
DA:71,0
DA:72,0
DA:73,0
DA:76,0
DA:77,0
DA:82,0
DA:83,0
DA:85,0
DA:90,1
DA:91,1
DA:94,49
DA:95,4
DA:102,45
DA:117,23
DA:131,12
DA:145,2
DA:173,4
DA:174,4
DA:176,4
DA:187,0
DA:195,0
DA:204,0
DA:211,0
DA:231,0
DA:237,1
LF:62
LH:40
BRDA:7,0,0,2
BRDA:7,0,1,2
BRDA:35,1,0,1
BRDA:35,1,1,1
BRDA:71,2,0,0
BRDA:71,2,1,0
BRDA:82,3,0,0
BRDA:82,3,1,0
BRDA:91,4,0,1
BRDA:91,4,1,0
BRDA:94,5,0,4
BRDA:94,5,1,45
BRDA:107,6,0,45
BRDA:107,6,1,1
BRDA:159,7,0,49
BRDA:159,7,1,0
BRDA:179,8,0,1
BRDA:179,8,1,3
BRDA:181,9,0,0
BRDA:181,9,1,4
BRDA:228,10,0,4
BRDA:228,10,1,3
BRF:22
BRH:15
end_of_record
TN:
SF:src\pages\SystemActivityReportPage.jsx
FN:6,SystemActivityReportPage
FN:7,(anonymous_1)
FN:8,(anonymous_2)
FN:13,fetchReport
FN:16,(anonymous_4)
FN:17,(anonymous_5)
FN:20,(anonymous_6)
FN:21,(anonymous_7)
FN:25,handleGenerar
FN:30,handleExport
FN:66,(anonymous_10)
FN:79,(anonymous_11)
FNF:12
FNH:7
FNDA:2,SystemActivityReportPage
FNDA:1,(anonymous_1)
FNDA:1,(anonymous_2)
FNDA:1,fetchReport
FNDA:1,(anonymous_4)
FNDA:0,(anonymous_5)
FNDA:1,(anonymous_6)
FNDA:1,(anonymous_7)
FNDA:0,handleGenerar
FNDA:0,handleExport
FNDA:0,(anonymous_10)
FNDA:0,(anonymous_11)
DA:7,2
DA:8,2
DA:9,2
DA:10,2
DA:11,2
DA:14,1
DA:15,1
DA:16,1
DA:17,0
DA:20,2
DA:21,1
DA:26,0
DA:27,0
DA:31,0
DA:32,0
DA:39,0
DA:43,2
DA:44,1
DA:51,1
DA:66,0
DA:79,0
LF:21
LH:13
BRDA:43,0,0,1
BRDA:43,0,1,1
BRDA:56,1,0,1
BRDA:56,1,1,0
BRDA:100,2,0,2
BRDA:100,2,1,1
BRF:6
BRH:5
end_of_record
TN:
SF:src\utils\dateRange.js
FN:1,defaultDateRange
FNF:1
FNH:1
FNDA:18,defaultDateRange
DA:2,18
DA:3,18
DA:4,18
DA:5,18
DA:6,18
DA:7,18
LF:6
LH:6
BRF:0
BRH:0
end_of_record
TN:
SF:src\utils\dayOfWeekLabels.js
FNF:0
FNH:0
DA:1,1
DA:2,1
LF:2
LH:2
BRF:0
BRH:0
end_of_record
TN:
SF:src\utils\roleRoutes.js
FNF:0
FNH:0
DA:1,3
LF:1
LH:1
BRF:0
BRH:0
end_of_record
